<<<<<<< HEAD
2017-11-30 15:29:24.304 INFO  (main) [   ] o.e.j.s.Server jetty-9.3.14.v20161028
2017-11-30 15:29:24.998 INFO  (main) [   ] o.a.s.s.SolrDispatchFilter  ___      _       Welcome to Apache Solr™ version 6.6.1
2017-11-30 15:29:24.998 INFO  (main) [   ] o.a.s.s.SolrDispatchFilter / __| ___| |_ _   Starting in standalone mode on port 8983
2017-11-30 15:29:24.998 INFO  (main) [   ] o.a.s.s.SolrDispatchFilter \__ \/ _ \ | '_|  Install dir: C:\xampp\htdocs\Webprosjekt3\solr-6.6.1
2017-11-30 15:29:25.015 INFO  (main) [   ] o.a.s.s.SolrDispatchFilter |___/\___/_|_|    Start time: 2017-11-30T15:29:25Z
2017-11-30 15:29:25.016 INFO  (main) [   ] o.a.s.s.StartupLoggingUtils Property solr.log.muteconsole given. Muting ConsoleAppender named CONSOLE
=======
<<<<<<< HEAD
2017-11-24 01:49:46.412 INFO  (main) [   ] o.e.j.s.Server jetty-9.3.14.v20161028
2017-11-24 01:49:47.306 INFO  (main) [   ] o.a.s.s.SolrDispatchFilter  ___      _       Welcome to Apache Solr™ version 6.6.1
2017-11-24 01:49:47.306 INFO  (main) [   ] o.a.s.s.SolrDispatchFilter / __| ___| |_ _   Starting in standalone mode on port 8983
2017-11-24 01:49:47.306 INFO  (main) [   ] o.a.s.s.SolrDispatchFilter \__ \/ _ \ | '_|  Install dir: D:\Programs\Xampp\htdocs\Webprosjekt3\solr-6.6.1
2017-11-24 01:49:47.326 INFO  (main) [   ] o.a.s.s.SolrDispatchFilter |___/\___/_|_|    Start time: 2017-11-24T01:49:47.307Z
2017-11-24 01:49:47.327 INFO  (main) [   ] o.a.s.s.StartupLoggingUtils Property solr.log.muteconsole given. Muting ConsoleAppender named CONSOLE
=======
2017-11-30 14:35:34.296 INFO  (main) [   ] o.e.j.s.Server jetty-9.3.14.v20161028
2017-11-30 14:35:35.427 INFO  (main) [   ] o.a.s.s.SolrDispatchFilter  ___      _       Welcome to Apache Solr™ version 6.6.1
2017-11-30 14:35:35.427 INFO  (main) [   ] o.a.s.s.SolrDispatchFilter / __| ___| |_ _   Starting in standalone mode on port 8983
2017-11-30 14:35:35.427 INFO  (main) [   ] o.a.s.s.SolrDispatchFilter \__ \/ _ \ | '_|  Install dir: C:\xampp\htdocs\Webprosjekt3\solr-6.6.1
2017-11-30 14:35:35.490 INFO  (main) [   ] o.a.s.s.SolrDispatchFilter |___/\___/_|_|    Start time: 2017-11-30T14:35:35.429Z
2017-11-30 14:35:35.491 INFO  (main) [   ] o.a.s.s.StartupLoggingUtils Property solr.log.muteconsole given. Muting ConsoleAppender named CONSOLE
>>>>>>> origin/master
>>>>>>> origin/master
