2017-12-06 17:21:41.947 INFO  (main) [   ] o.e.j.s.Server jetty-9.3.14.v20161028
2017-12-06 17:21:42.728 INFO  (main) [   ] o.a.s.s.SolrDispatchFilter  ___      _       Welcome to Apache Solr™ version 6.6.1
2017-12-06 17:21:42.728 INFO  (main) [   ] o.a.s.s.SolrDispatchFilter / __| ___| |_ _   Starting in standalone mode on port 8983
2017-12-06 17:21:42.729 INFO  (main) [   ] o.a.s.s.SolrDispatchFilter \__ \/ _ \ | '_|  Install dir: C:\xampp\htdocs\Webprosjekt3\solr-6.6.1
2017-12-06 17:21:42.752 INFO  (main) [   ] o.a.s.s.SolrDispatchFilter |___/\___/_|_|    Start time: 2017-12-06T17:21:42.732Z
2017-12-06 17:21:42.753 INFO  (main) [   ] o.a.s.s.StartupLoggingUtils Property solr.log.muteconsole given. Muting ConsoleAppender named CONSOLE
2017-12-06 17:21:42.786 INFO  (main) [   ] o.a.s.c.SolrResourceLoader Using system property solr.solr.home: C:\xampp\htdocs\Webprosjekt3\solr-6.6.1\server\solr
2017-12-06 17:21:42.795 INFO  (main) [   ] o.a.s.c.SolrXmlConfig Loading container configuration from C:\xampp\htdocs\Webprosjekt3\solr-6.6.1\server\solr\solr.xml
2017-12-06 17:21:43.155 INFO  (main) [   ] o.a.s.u.UpdateShardHandler Creating UpdateShardHandler HTTP client with params: socketTimeout=600000&connTimeout=60000&retry=true
2017-12-06 17:21:45.690 INFO  (main) [   ] o.a.s.c.CorePropertiesLocator Found 2 core definitions underneath C:\xampp\htdocs\Webprosjekt3\solr-6.6.1\server\solr
2017-12-06 17:21:45.692 INFO  (main) [   ] o.a.s.c.CorePropertiesLocator Cores are: [safety, wp3]
2017-12-06 17:21:45.787 INFO  (coreLoadExecutor-6-thread-1) [   x:safety] o.a.s.c.SolrResourceLoader [safety] Added 46 libs to classloader, from paths: [/C:/xampp/htdocs/Webprosjekt3/solr-6.6.1/contrib/extraction/lib, /C:/xampp/htdocs/Webprosjekt3/solr-6.6.1/contrib/langid/lib, /C:/xampp/htdocs/Webprosjekt3/solr-6.6.1/contrib/velocity/lib, /C:/xampp/htdocs/Webprosjekt3/solr-6.6.1/dist]
2017-12-06 17:21:45.928 INFO  (coreLoadExecutor-6-thread-2) [   x:wp3] o.a.s.c.SolrResourceLoader [wp3] Added 46 libs to classloader, from paths: [/C:/xampp/htdocs/Webprosjekt3/solr-6.6.1/contrib/extraction/lib, /C:/xampp/htdocs/Webprosjekt3/solr-6.6.1/contrib/langid/lib, /C:/xampp/htdocs/Webprosjekt3/solr-6.6.1/contrib/velocity/lib, /C:/xampp/htdocs/Webprosjekt3/solr-6.6.1/dist]
2017-12-06 17:21:46.191 INFO  (coreLoadExecutor-6-thread-2) [   x:wp3] o.a.s.u.SolrIndexConfig IndexWriter infoStream solr logging is enabled
2017-12-06 17:21:46.202 INFO  (coreLoadExecutor-6-thread-2) [   x:wp3] o.a.s.c.SolrConfig Using Lucene MatchVersion: 6.5.0
2017-12-06 17:21:46.270 INFO  (coreLoadExecutor-6-thread-1) [   x:safety] o.a.s.u.SolrIndexConfig IndexWriter infoStream solr logging is enabled
2017-12-06 17:21:46.294 INFO  (coreLoadExecutor-6-thread-1) [   x:safety] o.a.s.c.SolrConfig Using Lucene MatchVersion: 6.5.0
2017-12-06 17:21:46.473 INFO  (coreLoadExecutor-6-thread-1) [   x:safety] o.a.s.s.IndexSchema [safety] Schema name=bir
2017-12-06 17:21:46.481 INFO  (coreLoadExecutor-6-thread-2) [   x:wp3] o.a.s.s.IndexSchema [wp3] Schema name=bir
2017-12-06 17:21:46.538 WARN  (coreLoadExecutor-6-thread-2) [   x:wp3] o.a.s.c.SolrResourceLoader Solr loaded a deprecated plugin/analysis class [solr.WordDelimiterFilterFactory]. Please consult documentation how to replace it accordingly.
2017-12-06 17:21:46.558 INFO  (main) [   ] o.e.j.s.Server Started @5926ms
2017-12-06 17:21:46.584 INFO  (coreLoadExecutor-6-thread-1) [   x:safety] o.a.s.s.IndexSchema Loaded schema bir/1.6 with uniqueid field id
2017-12-06 17:21:46.584 INFO  (coreLoadExecutor-6-thread-2) [   x:wp3] o.a.s.s.IndexSchema Loaded schema bir/1.6 with uniqueid field id
2017-12-06 17:21:46.589 INFO  (coreLoadExecutor-6-thread-2) [   x:wp3] o.a.s.c.CoreContainer Creating SolrCore 'wp3' using configuration from instancedir C:\xampp\htdocs\Webprosjekt3\solr-6.6.1\server\solr\wp3, trusted=true
2017-12-06 17:21:46.590 INFO  (coreLoadExecutor-6-thread-1) [   x:safety] o.a.s.c.CoreContainer Creating SolrCore 'safety' using configuration from instancedir C:\xampp\htdocs\Webprosjekt3\solr-6.6.1\server\solr\safety, trusted=true
2017-12-06 17:21:46.665 INFO  (coreLoadExecutor-6-thread-1) [   x:safety] o.a.s.c.SolrCore solr.RecoveryStrategy.Builder
2017-12-06 17:21:46.665 INFO  (coreLoadExecutor-6-thread-2) [   x:wp3] o.a.s.c.SolrCore solr.RecoveryStrategy.Builder
2017-12-06 17:21:46.671 INFO  (coreLoadExecutor-6-thread-2) [   x:wp3] o.a.s.c.SolrCore [[wp3] ] Opening new SolrCore at [C:\xampp\htdocs\Webprosjekt3\solr-6.6.1\server\solr\wp3], dataDir=[C:\xampp\htdocs\Webprosjekt3\solr-6.6.1\server\solr\wp3\data\]
2017-12-06 17:21:46.671 INFO  (coreLoadExecutor-6-thread-1) [   x:safety] o.a.s.c.SolrCore [[safety] ] Opening new SolrCore at [C:\xampp\htdocs\Webprosjekt3\solr-6.6.1\server\solr\safety], dataDir=[C:\xampp\htdocs\Webprosjekt3\solr-6.6.1\server\solr\safety\data\]
2017-12-06 17:21:46.738 INFO  (coreLoadExecutor-6-thread-1) [   x:safety] o.a.s.r.XSLTResponseWriter xsltCacheLifetimeSeconds=5
2017-12-06 17:21:46.745 INFO  (coreLoadExecutor-6-thread-2) [   x:wp3] o.a.s.r.XSLTResponseWriter xsltCacheLifetimeSeconds=5
2017-12-06 17:21:47.279 INFO  (coreLoadExecutor-6-thread-2) [   x:wp3] o.a.s.u.UpdateHandler Using UpdateLog implementation: org.apache.solr.update.UpdateLog
2017-12-06 17:21:47.280 INFO  (coreLoadExecutor-6-thread-2) [   x:wp3] o.a.s.u.UpdateLog Initializing UpdateLog: dataDir= defaultSyncLevel=FLUSH numRecordsToKeep=100 maxNumLogsToKeep=10 numVersionBuckets=65536
2017-12-06 17:21:47.299 INFO  (coreLoadExecutor-6-thread-2) [   x:wp3] o.a.s.u.CommitTracker Hard AutoCommit: if uncommited for 15000ms; 
2017-12-06 17:21:47.299 INFO  (coreLoadExecutor-6-thread-2) [   x:wp3] o.a.s.u.CommitTracker Soft AutoCommit: disabled
2017-12-06 17:21:47.353 INFO  (coreLoadExecutor-6-thread-1) [   x:safety] o.a.s.u.UpdateHandler Using UpdateLog implementation: org.apache.solr.update.UpdateLog
2017-12-06 17:21:47.358 INFO  (coreLoadExecutor-6-thread-1) [   x:safety] o.a.s.u.UpdateLog Initializing UpdateLog: dataDir= defaultSyncLevel=FLUSH numRecordsToKeep=100 maxNumLogsToKeep=10 numVersionBuckets=65536
2017-12-06 17:21:47.389 INFO  (coreLoadExecutor-6-thread-1) [   x:safety] o.a.s.u.CommitTracker Hard AutoCommit: if uncommited for 15000ms; 
2017-12-06 17:21:47.394 INFO  (coreLoadExecutor-6-thread-1) [   x:safety] o.a.s.u.CommitTracker Soft AutoCommit: disabled
2017-12-06 17:21:47.434 INFO  (coreLoadExecutor-6-thread-2) [   x:wp3] o.a.s.s.SolrIndexSearcher Opening [Searcher@6a672433[wp3] main]
2017-12-06 17:21:47.450 INFO  (coreLoadExecutor-6-thread-2) [   x:wp3] o.a.s.r.ManagedResourceStorage File-based storage initialized to use dir: C:\xampp\htdocs\Webprosjekt3\solr-6.6.1\server\solr\wp3\conf
2017-12-06 17:21:47.475 INFO  (coreLoadExecutor-6-thread-2) [   x:wp3] o.a.s.h.c.SpellCheckComponent Initializing spell checkers
2017-12-06 17:21:47.485 INFO  (coreLoadExecutor-6-thread-2) [   x:wp3] o.a.s.s.DirectSolrSpellChecker init: {name=default,field=text,classname=solr.DirectSolrSpellChecker,distanceMeasure=internal,accuracy=0.5,maxEdits=2,minPrefix=1,maxInspections=5,minQueryLength=4,maxQueryFrequency=0.01}
2017-12-06 17:21:47.496 INFO  (coreLoadExecutor-6-thread-2) [   x:wp3] o.a.s.h.c.SuggestComponent Initializing SuggestComponent
2017-12-06 17:21:47.499 INFO  (coreLoadExecutor-6-thread-2) [   x:wp3] o.a.s.s.s.SolrSuggester init: {name=mySuggester,lookupImpl=FuzzyLookupFactory,dictionaryImpl=DocumentDictionaryFactory,field=cat,weightField=price,suggestAnalyzerFieldType=string}
2017-12-06 17:21:47.509 INFO  (coreLoadExecutor-6-thread-1) [   x:safety] o.a.s.s.SolrIndexSearcher Opening [Searcher@3535a371[safety] main]
2017-12-06 17:21:47.512 INFO  (coreLoadExecutor-6-thread-1) [   x:safety] o.a.s.r.ManagedResourceStorage File-based storage initialized to use dir: C:\xampp\htdocs\Webprosjekt3\solr-6.6.1\server\solr\safety\conf
2017-12-06 17:21:47.513 INFO  (coreLoadExecutor-6-thread-1) [   x:safety] o.a.s.h.c.SpellCheckComponent Initializing spell checkers
2017-12-06 17:21:47.514 INFO  (coreLoadExecutor-6-thread-1) [   x:safety] o.a.s.s.DirectSolrSpellChecker init: {name=default,field=text,classname=solr.DirectSolrSpellChecker,distanceMeasure=internal,accuracy=0.5,maxEdits=2,minPrefix=1,maxInspections=5,minQueryLength=4,maxQueryFrequency=0.01}
2017-12-06 17:21:47.522 INFO  (coreLoadExecutor-6-thread-1) [   x:safety] o.a.s.h.c.SuggestComponent Initializing SuggestComponent
2017-12-06 17:21:47.523 INFO  (coreLoadExecutor-6-thread-1) [   x:safety] o.a.s.s.s.SolrSuggester init: {name=mySuggester,lookupImpl=FuzzyLookupFactory,dictionaryImpl=DocumentDictionaryFactory,field=cat,weightField=price,suggestAnalyzerFieldType=string}
2017-12-06 17:21:47.533 INFO  (coreLoadExecutor-6-thread-1) [   x:safety] o.a.s.s.s.SolrSuggester Dictionary loaded with params: {name=mySuggester,lookupImpl=FuzzyLookupFactory,dictionaryImpl=DocumentDictionaryFactory,field=cat,weightField=price,suggestAnalyzerFieldType=string}
2017-12-06 17:21:47.535 INFO  (coreLoadExecutor-6-thread-1) [   x:safety] o.a.s.h.c.SuggestComponent Registering searcher listener for suggester: mySuggester - SuggesterListener [core=org.apache.solr.core.SolrCore@3e20c17f, suggester=SolrSuggester [ name=mySuggester, sourceLocation=null, storeDir=, lookupImpl=FuzzyLookupFactory, dictionaryImpl=DocumentDictionaryFactory, sizeInBytes=0 ], buildOnCommit=false, buildOnOptimize=false, buildOnStartup=true, isCoreReload=false]
2017-12-06 17:21:47.536 INFO  (coreLoadExecutor-6-thread-1) [   x:safety] o.a.s.h.c.QueryElevationComponent Loading QueryElevation from: C:\xampp\htdocs\Webprosjekt3\solr-6.6.1\server\solr\safety\conf\elevate.xml
2017-12-06 17:21:47.550 INFO  (coreLoadExecutor-6-thread-2) [   x:wp3] o.a.s.s.s.SolrSuggester Dictionary loaded with params: {name=mySuggester,lookupImpl=FuzzyLookupFactory,dictionaryImpl=DocumentDictionaryFactory,field=cat,weightField=price,suggestAnalyzerFieldType=string}
2017-12-06 17:21:47.550 INFO  (coreLoadExecutor-6-thread-2) [   x:wp3] o.a.s.h.c.SuggestComponent Registering searcher listener for suggester: mySuggester - SuggesterListener [core=org.apache.solr.core.SolrCore@976b17e, suggester=SolrSuggester [ name=mySuggester, sourceLocation=null, storeDir=, lookupImpl=FuzzyLookupFactory, dictionaryImpl=DocumentDictionaryFactory, sizeInBytes=0 ], buildOnCommit=false, buildOnOptimize=false, buildOnStartup=true, isCoreReload=false]
2017-12-06 17:21:47.551 INFO  (coreLoadExecutor-6-thread-2) [   x:wp3] o.a.s.h.c.QueryElevationComponent Loading QueryElevation from: C:\xampp\htdocs\Webprosjekt3\solr-6.6.1\server\solr\wp3\conf\elevate.xml
2017-12-06 17:21:47.555 INFO  (coreLoadExecutor-6-thread-1) [   x:safety] o.a.s.h.ReplicationHandler Commits will be reserved for  10000
2017-12-06 17:21:47.582 INFO  (coreLoadExecutor-6-thread-2) [   x:wp3] o.a.s.h.ReplicationHandler Commits will be reserved for  10000
2017-12-06 17:21:47.651 INFO  (searcherExecutor-7-thread-1-processing-x:safety) [   x:safety] o.a.s.c.QuerySenderListener QuerySenderListener sending requests to Searcher@3535a371[safety] main{ExitableDirectoryReader(UninvertingDirectoryReader(Uninverting(_x(6.6.1):C1)))}
2017-12-06 17:21:47.668 INFO  (coreLoadExecutor-6-thread-2) [   x:wp3] o.a.s.u.UpdateLog Could not find max version in index or recent updates, using new clock 1586056037838880768
2017-12-06 17:21:47.680 INFO  (searcherExecutor-8-thread-1-processing-x:wp3) [   x:wp3] o.a.s.c.QuerySenderListener QuerySenderListener sending requests to Searcher@6a672433[wp3] main{ExitableDirectoryReader(UninvertingDirectoryReader())}
2017-12-06 17:21:47.705 ERROR (searcherExecutor-7-thread-1-processing-x:safety) [   x:safety] o.a.s.h.RequestHandlerBase org.apache.solr.common.SolrException: undefined field Description
	at org.apache.solr.schema.IndexSchema.getDynamicFieldType(IndexSchema.java:1328)
	at org.apache.solr.schema.IndexSchema$SolrQueryAnalyzer.getWrappedAnalyzer(IndexSchema.java:455)
	at org.apache.lucene.analysis.DelegatingAnalyzerWrapper$DelegatingReuseStrategy.getReusableComponents(DelegatingAnalyzerWrapper.java:84)
	at org.apache.lucene.analysis.Analyzer.tokenStream(Analyzer.java:191)
	at org.apache.lucene.util.QueryBuilder.createFieldQuery(QueryBuilder.java:241)
	at org.apache.solr.parser.SolrQueryParserBase.newFieldQuery(SolrQueryParserBase.java:444)
	at org.apache.solr.parser.QueryParser.newFieldQuery(QueryParser.java:61)
	at org.apache.solr.parser.SolrQueryParserBase.getFieldQuery(SolrQueryParserBase.java:970)
	at org.apache.solr.parser.QueryParser.MultiTerm(QueryParser.java:564)
	at org.apache.solr.parser.QueryParser.Query(QueryParser.java:141)
	at org.apache.solr.parser.QueryParser.TopLevelQuery(QueryParser.java:130)
	at org.apache.solr.parser.SolrQueryParserBase.parse(SolrQueryParserBase.java:211)
	at org.apache.solr.search.LuceneQParser.parse(LuceneQParser.java:53)
	at org.apache.solr.search.QParser.getQuery(QParser.java:168)
	at org.apache.solr.handler.component.QueryComponent.prepare(QueryComponent.java:161)
	at org.apache.solr.handler.component.SearchHandler.handleRequestBody(SearchHandler.java:270)
	at org.apache.solr.handler.RequestHandlerBase.handleRequest(RequestHandlerBase.java:173)
	at org.apache.solr.core.SolrCore.execute(SolrCore.java:2477)
	at org.apache.solr.core.QuerySenderListener.newSearcher(QuerySenderListener.java:74)
	at org.apache.solr.core.SolrCore.lambda$getSearcher$15(SolrCore.java:2249)
	at java.util.concurrent.FutureTask.run(Unknown Source)
	at org.apache.solr.common.util.ExecutorUtil$MDCAwareThreadPoolExecutor.lambda$execute$0(ExecutorUtil.java:229)
	at java.util.concurrent.ThreadPoolExecutor.runWorker(Unknown Source)
	at java.util.concurrent.ThreadPoolExecutor$Worker.run(Unknown Source)
	at java.lang.Thread.run(Unknown Source)

2017-12-06 17:21:47.707 INFO  (searcherExecutor-7-thread-1-processing-x:safety) [   x:safety] o.a.s.c.S.Request [safety]  webapp=null path=null params={q=static+firstSearcher+warming+in+solrconfig.xml&distrib=false&event=firstSearcher} status=400 QTime=52
2017-12-06 17:21:47.707 INFO  (searcherExecutor-7-thread-1-processing-x:safety) [   x:safety] o.a.s.c.QuerySenderListener QuerySenderListener done.
2017-12-06 17:21:47.707 INFO  (searcherExecutor-7-thread-1-processing-x:safety) [   x:safety] o.a.s.h.c.SpellCheckComponent Loading spell index for spellchecker: default
2017-12-06 17:21:47.707 INFO  (searcherExecutor-7-thread-1-processing-x:safety) [   x:safety] o.a.s.h.c.SpellCheckComponent Loading spell index for spellchecker: wordbreak
2017-12-06 17:21:47.707 INFO  (searcherExecutor-7-thread-1-processing-x:safety) [   x:safety] o.a.s.h.c.SuggestComponent buildOnStartup: mySuggester
2017-12-06 17:21:47.707 INFO  (searcherExecutor-7-thread-1-processing-x:safety) [   x:safety] o.a.s.s.s.SolrSuggester SolrSuggester.build(mySuggester)
2017-12-06 17:21:47.717 ERROR (searcherExecutor-8-thread-1-processing-x:wp3) [   x:wp3] o.a.s.h.RequestHandlerBase org.apache.solr.common.SolrException: undefined field Description
	at org.apache.solr.schema.IndexSchema.getDynamicFieldType(IndexSchema.java:1328)
	at org.apache.solr.schema.IndexSchema$SolrQueryAnalyzer.getWrappedAnalyzer(IndexSchema.java:455)
	at org.apache.lucene.analysis.DelegatingAnalyzerWrapper$DelegatingReuseStrategy.getReusableComponents(DelegatingAnalyzerWrapper.java:84)
	at org.apache.lucene.analysis.Analyzer.tokenStream(Analyzer.java:191)
	at org.apache.lucene.util.QueryBuilder.createFieldQuery(QueryBuilder.java:241)
	at org.apache.solr.parser.SolrQueryParserBase.newFieldQuery(SolrQueryParserBase.java:444)
	at org.apache.solr.parser.QueryParser.newFieldQuery(QueryParser.java:61)
	at org.apache.solr.parser.SolrQueryParserBase.getFieldQuery(SolrQueryParserBase.java:970)
	at org.apache.solr.parser.QueryParser.MultiTerm(QueryParser.java:564)
	at org.apache.solr.parser.QueryParser.Query(QueryParser.java:141)
	at org.apache.solr.parser.QueryParser.TopLevelQuery(QueryParser.java:130)
	at org.apache.solr.parser.SolrQueryParserBase.parse(SolrQueryParserBase.java:211)
	at org.apache.solr.search.LuceneQParser.parse(LuceneQParser.java:53)
	at org.apache.solr.search.QParser.getQuery(QParser.java:168)
	at org.apache.solr.handler.component.QueryComponent.prepare(QueryComponent.java:161)
	at org.apache.solr.handler.component.SearchHandler.handleRequestBody(SearchHandler.java:270)
	at org.apache.solr.handler.RequestHandlerBase.handleRequest(RequestHandlerBase.java:173)
	at org.apache.solr.core.SolrCore.execute(SolrCore.java:2477)
	at org.apache.solr.core.QuerySenderListener.newSearcher(QuerySenderListener.java:74)
	at org.apache.solr.core.SolrCore.lambda$getSearcher$15(SolrCore.java:2249)
	at java.util.concurrent.FutureTask.run(Unknown Source)
	at org.apache.solr.common.util.ExecutorUtil$MDCAwareThreadPoolExecutor.lambda$execute$0(ExecutorUtil.java:229)
	at java.util.concurrent.ThreadPoolExecutor.runWorker(Unknown Source)
	at java.util.concurrent.ThreadPoolExecutor$Worker.run(Unknown Source)
	at java.lang.Thread.run(Unknown Source)

2017-12-06 17:21:47.719 INFO  (searcherExecutor-8-thread-1-processing-x:wp3) [   x:wp3] o.a.s.c.S.Request [wp3]  webapp=null path=null params={q=static+firstSearcher+warming+in+solrconfig.xml&distrib=false&event=firstSearcher} status=400 QTime=33
2017-12-06 17:21:47.719 INFO  (searcherExecutor-8-thread-1-processing-x:wp3) [   x:wp3] o.a.s.c.QuerySenderListener QuerySenderListener done.
2017-12-06 17:21:47.720 INFO  (searcherExecutor-8-thread-1-processing-x:wp3) [   x:wp3] o.a.s.h.c.SpellCheckComponent Loading spell index for spellchecker: default
2017-12-06 17:21:47.721 INFO  (searcherExecutor-8-thread-1-processing-x:wp3) [   x:wp3] o.a.s.h.c.SpellCheckComponent Loading spell index for spellchecker: wordbreak
2017-12-06 17:21:47.721 INFO  (searcherExecutor-8-thread-1-processing-x:wp3) [   x:wp3] o.a.s.h.c.SuggestComponent buildOnStartup: mySuggester
2017-12-06 17:21:47.721 INFO  (searcherExecutor-8-thread-1-processing-x:wp3) [   x:wp3] o.a.s.s.s.SolrSuggester SolrSuggester.build(mySuggester)
2017-12-06 17:21:47.773 INFO  (searcherExecutor-7-thread-1-processing-x:safety) [   x:safety] o.a.s.c.SolrCore [safety] Registered new searcher Searcher@3535a371[safety] main{ExitableDirectoryReader(UninvertingDirectoryReader(Uninverting(_x(6.6.1):C1)))}
2017-12-06 17:21:47.773 INFO  (searcherExecutor-8-thread-1-processing-x:wp3) [   x:wp3] o.a.s.c.SolrCore [wp3] Registered new searcher Searcher@6a672433[wp3] main{ExitableDirectoryReader(UninvertingDirectoryReader())}
2017-12-06 17:21:49.049 INFO  (qtp581374081-18) [   ] o.a.s.s.HttpSolrCall [admin] webapp=null path=/admin/info/system params={wt=json} status=0 QTime=26
2017-12-06 17:22:43.963 INFO  (qtp581374081-22) [   x:safety] o.a.s.u.DirectUpdateHandler2 start commit{,optimize=false,openSearcher=true,waitSearcher=true,expungeDeletes=false,softCommit=false,prepareCommit=false}
2017-12-06 17:22:43.964 INFO  (qtp581374081-22) [   x:safety] o.a.s.u.DirectUpdateHandler2 No uncommitted changes. Skipping IW.commit.
2017-12-06 17:22:43.967 INFO  (qtp581374081-22) [   x:safety] o.a.s.u.DirectUpdateHandler2 end_commit_flush
2017-12-06 17:22:43.967 INFO  (qtp581374081-22) [   x:safety] o.a.s.u.p.LogUpdateProcessorFactory [safety]  webapp=/solr path=/update params={stream.body=<delete><query>0d5ee5d8-a631-4ddd-9511-40fc9bc1fd6d</query></delete>&commit=true}{deleteByQuery=0d5ee5d8-a631-4ddd-9511-40fc9bc1fd6d (-1586056096774094848),commit=} 0 144
2017-12-06 17:22:49.222 INFO  (qtp581374081-17) [   x:safety] o.a.s.c.S.Request [safety]  webapp=/solr path=/admin/ping params={wt=json} hits=1 status=0 QTime=10
2017-12-06 17:22:49.222 INFO  (qtp581374081-17) [   x:safety] o.a.s.c.S.Request [safety]  webapp=/solr path=/admin/ping params={wt=json} status=0 QTime=11
2017-12-06 17:23:01.753 INFO  (qtp581374081-20) [   x:safety] o.a.s.c.PluginBag Going to create a new requestHandler with {type = requestHandler,name = /update/extract,class = solr.extraction.ExtractingRequestHandler,attributes = {startup=lazy, name=/update/extract, class=solr.extraction.ExtractingRequestHandler},args = {defaults={lowernames=true,uprefix=ignored_,fmap.a=links,fmap.div=ignored_,fmap.content=text,captureAttr=true,lowernames=true,ignoreTikaException=true,df=text}}} 
2017-12-06 17:23:03.415 INFO  (qtp581374081-20) [   x:safety] o.a.s.u.DirectUpdateHandler2 start commit{,optimize=false,openSearcher=true,waitSearcher=true,expungeDeletes=false,softCommit=false,prepareCommit=false}
2017-12-06 17:23:03.416 INFO  (qtp581374081-20) [   x:safety] o.a.s.u.SolrIndexWriter Calling setCommitData with IW:org.apache.solr.update.SolrIndexWriter@18bd20db
2017-12-06 17:23:03.835 INFO  (qtp581374081-20) [   x:safety] o.a.s.s.SolrIndexSearcher Opening [Searcher@d2778b9[safety] main]
2017-12-06 17:23:03.837 INFO  (searcherExecutor-7-thread-1-processing-x:safety) [   x:safety] o.a.s.c.QuerySenderListener QuerySenderListener sending requests to Searcher@d2778b9[safety] main{ExitableDirectoryReader(UninvertingDirectoryReader(Uninverting(_x(6.6.1):C1) Uninverting(_y(6.6.1):C1)))}
2017-12-06 17:23:03.837 INFO  (searcherExecutor-7-thread-1-processing-x:safety) [   x:safety] o.a.s.c.QuerySenderListener QuerySenderListener done.
2017-12-06 17:23:03.838 INFO  (searcherExecutor-7-thread-1-processing-x:safety) [   x:safety] o.a.s.c.SolrCore [safety] Registered new searcher Searcher@d2778b9[safety] main{ExitableDirectoryReader(UninvertingDirectoryReader(Uninverting(_x(6.6.1):C1) Uninverting(_y(6.6.1):C1)))}
2017-12-06 17:23:03.838 INFO  (qtp581374081-20) [   x:safety] o.a.s.u.DirectUpdateHandler2 end_commit_flush
2017-12-06 17:23:03.839 INFO  (qtp581374081-20) [   x:safety] o.a.s.u.p.LogUpdateProcessorFactory [safety]  webapp=/solr path=/update/extract params={commit=true}{add=[feab1cca-96fc-4261-91b4-b7580115e2c7 (1586056117163655168)],commit=} 0 2086
2017-12-06 17:23:06.675 INFO  (qtp581374081-14) [   x:safety] o.a.s.c.S.Request [safety]  webapp=/solr path=/admin/ping params={wt=json} hits=2 status=0 QTime=0
2017-12-06 17:23:06.675 INFO  (qtp581374081-14) [   x:safety] o.a.s.c.S.Request [safety]  webapp=/solr path=/admin/ping params={wt=json} status=0 QTime=1
2017-12-06 17:23:10.729 INFO  (qtp581374081-17) [   x:safety] o.a.s.c.S.Request [safety]  webapp=/solr path=/select params={q=*:*&indent=on&wt=json&_=1512580838778} hits=2 status=0 QTime=1
2017-12-06 17:25:00.163 INFO  (ShutdownMonitor) [   ] o.a.s.c.CoreContainer Shutting down CoreContainer instance=1354003114
2017-12-06 17:25:00.163 INFO  (ShutdownMonitor) [   ] o.a.s.m.SolrMetricManager Closing metric reporters for: solr.node
2017-12-06 17:25:00.164 INFO  (ShutdownMonitor) [   ] o.a.s.m.SolrMetricManager Closing metric reporters for: solr.jvm
2017-12-06 17:25:00.164 INFO  (ShutdownMonitor) [   ] o.a.s.m.SolrMetricManager Closing metric reporters for: solr.jetty
2017-12-06 17:25:00.165 INFO  (ShutdownMonitor) [   ] o.a.s.c.TransientSolrCoreCacheDefault Allocating transient cache for 2147483647 transient cores
2017-12-06 17:25:00.167 INFO  (coreCloseExecutor-17-thread-1) [   x:wp3] o.a.s.c.SolrCore [wp3]  CLOSING SolrCore org.apache.solr.core.SolrCore@976b17e
2017-12-06 17:25:00.168 INFO  (coreCloseExecutor-17-thread-2) [   x:safety] o.a.s.c.SolrCore [safety]  CLOSING SolrCore org.apache.solr.core.SolrCore@3e20c17f
2017-12-06 17:25:00.178 INFO  (coreCloseExecutor-17-thread-1) [   x:wp3] o.a.s.m.SolrMetricManager Closing metric reporters for: solr.core.wp3
2017-12-06 17:25:00.184 INFO  (coreCloseExecutor-17-thread-2) [   x:safety] o.a.s.m.SolrMetricManager Closing metric reporters for: solr.core.safety
